node:internal/modules/cjs/loader:1228
  throw err;
  ^

Error: Cannot find module '/Users/geyechazihuaxiang/Library/Application Support/com.tencent.mac.marvis/MarvisData/User/oAN1i2cDkSKPbnBs5LDMQkswf8Ps/workspace/conv_19f5b93d4c9_6512b8f89475/output/signal-server.js'
    at Function._resolveFilename (node:internal/modules/cjs/loader:1225:15)
    at Function._load (node:internal/modules/cjs/loader:1055:27)
    at TracingChannel.traceSync (node:diagnostics_channel:322:14)
    at wrapModuleLoad (node:internal/modules/cjs/loader:220:24)
    at Function.executeUserEntryPoint [as runMain] (node:internal/modules/run_main:170:5)
    at node:internal/main/run_main_module:36:49 {
  code: 'MODULE_NOT_FOUND',
  requireStack: []
}

Node.js v22.14.0
[Thu Jul 16 17:37:24 CST 2026] Server crashed, restarting in 2s...
node:internal/modules/cjs/loader:1228
  throw err;
  ^

Error: Cannot find module '/Users/geyechazihuaxiang/Library/Application Support/com.tencent.mac.marvis/MarvisData/User/oAN1i2cDkSKPbnBs5LDMQkswf8Ps/workspace/conv_19f5b93d4c9_6512b8f89475/output/signal-server.js'
    at Function._resolveFilename (node:internal/modules/cjs/loader:1225:15)
    at Function._load (node:internal/modules/cjs/loader:1055:27)
    at TracingChannel.traceSync (node:diagnostics_channel:322:14)
    at wrapModuleLoad (node:internal/modules/cjs/loader:220:24)
    at Function.executeUserEntryPoint [as runMain] (node:internal/modules/run_main:170:5)
    at node:internal/main/run_main_module:36:49 {
  code: 'MODULE_NOT_FOUND',
  requireStack: []
}

Node.js v22.14.0
[Thu Jul 16 17:37:26 CST 2026] Server crashed, restarting in 2s...
node:internal/modules/cjs/loader:1228
  throw err;
  ^

Error: Cannot find module '/Users/geyechazihuaxiang/Library/Application Support/com.tencent.mac.marvis/MarvisData/User/oAN1i2cDkSKPbnBs5LDMQkswf8Ps/workspace/conv_19f5b93d4c9_6512b8f89475/output/signal-server.js'
    at Function._resolveFilename (node:internal/modules/cjs/loader:1225:15)
    at Function._load (node:internal/modules/cjs/loader:1055:27)
    at TracingChannel.traceSync (node:diagnostics_channel:322:14)
    at wrapModuleLoad (node:internal/modules/cjs/loader:220:24)
    at Function.executeUserEntryPoint [as runMain] (node:internal/modules/run_main:170:5)
    at node:internal/main/run_main_module:36:49 {
  code: 'MODULE_NOT_FOUND',
  requireStack: []
}

Node.js v22.14.0
[Thu Jul 16 17:37:28 CST 2026] Server crashed, restarting in 2s...
node:internal/modules/cjs/loader:1228
  throw err;
  ^

Error: Cannot find module '/Users/geyechazihuaxiang/Library/Application Support/com.tencent.mac.marvis/MarvisData/User/oAN1i2cDkSKPbnBs5LDMQkswf8Ps/workspace/conv_19f5b93d4c9_6512b8f89475/output/signal-server.js'
    at Function._resolveFilename (node:internal/modules/cjs/loader:1225:15)
    at Function._load (node:internal/modules/cjs/loader:1055:27)
    at TracingChannel.traceSync (node:diagnostics_channel:322:14)
    at wrapModuleLoad (node:internal/modules/cjs/loader:220:24)
    at Function.executeUserEntryPoint [as runMain] (node:internal/modules/run_main:170:5)
    at node:internal/main/run_main_module:36:49 {
  code: 'MODULE_NOT_FOUND',
  requireStack: []
}

Node.js v22.14.0
[Thu Jul 16 17:37:30 CST 2026] Server crashed, restarting in 2s...
node:internal/modules/cjs/loader:1228
  throw err;
  ^

Error: Cannot find module '/Users/geyechazihuaxiang/Library/Application Support/com.tencent.mac.marvis/MarvisData/User/oAN1i2cDkSKPbnBs5LDMQkswf8Ps/workspace/conv_19f5b93d4c9_6512b8f89475/output/signal-server.js'
    at Function._resolveFilename (node:internal/modules/cjs/loader:1225:15)
    at Function._load (node:internal/modules/cjs/loader:1055:27)
    at TracingChannel.traceSync (node:diagnostics_channel:322:14)
    at wrapModuleLoad (node:internal/modules/cjs/loader:220:24)
    at Function.executeUserEntryPoint [as runMain] (node:internal/modules/run_main:170:5)
    at node:internal/main/run_main_module:36:49 {
  code: 'MODULE_NOT_FOUND',
  requireStack: []
}

Node.js v22.14.0
[Thu Jul 16 17:37:32 CST 2026] Server crashed, restarting in 2s...
node:internal/modules/cjs/loader:1228
  throw err;
  ^

Error: Cannot find module '/Users/geyechazihuaxiang/Library/Application Support/com.tencent.mac.marvis/MarvisData/User/oAN1i2cDkSKPbnBs5LDMQkswf8Ps/workspace/conv_19f5b93d4c9_6512b8f89475/output/signal-server.js'
    at Function._resolveFilename (node:internal/modules/cjs/loader:1225:15)
    at Function._load (node:internal/modules/cjs/loader:1055:27)
    at TracingChannel.traceSync (node:diagnostics_channel:322:14)
    at wrapModuleLoad (node:internal/modules/cjs/loader:220:24)
    at Function.executeUserEntryPoint [as runMain] (node:internal/modules/run_main:170:5)
    at node:internal/main/run_main_module:36:49 {
  code: 'MODULE_NOT_FOUND',
  requireStack: []
}

Node.js v22.14.0
[Thu Jul 16 17:37:34 CST 2026] Server crashed, restarting in 2s...
node:internal/modules/cjs/loader:1228
  throw err;
  ^

Error: Cannot find module '/Users/geyechazihuaxiang/Library/Application Support/com.tencent.mac.marvis/MarvisData/User/oAN1i2cDkSKPbnBs5LDMQkswf8Ps/workspace/conv_19f5b93d4c9_6512b8f89475/output/signal-server.js'
    at Function._resolveFilename (node:internal/modules/cjs/loader:1225:15)
    at Function._load (node:internal/modules/cjs/loader:1055:27)
    at TracingChannel.traceSync (node:diagnostics_channel:322:14)
    at wrapModuleLoad (node:internal/modules/cjs/loader:220:24)
    at Function.executeUserEntryPoint [as runMain] (node:internal/modules/run_main:170:5)
    at node:internal/main/run_main_module:36:49 {
  code: 'MODULE_NOT_FOUND',
  requireStack: []
}

Node.js v22.14.0
[Thu Jul 16 17:37:36 CST 2026] Server crashed, restarting in 2s...
node:internal/modules/cjs/loader:1228
  throw err;
  ^

Error: Cannot find module '/Users/geyechazihuaxiang/Library/Application Support/com.tencent.mac.marvis/MarvisData/User/oAN1i2cDkSKPbnBs5LDMQkswf8Ps/workspace/conv_19f5b93d4c9_6512b8f89475/output/signal-server.js'
    at Function._resolveFilename (node:internal/modules/cjs/loader:1225:15)
    at Function._load (node:internal/modules/cjs/loader:1055:27)
    at TracingChannel.traceSync (node:diagnostics_channel:322:14)
    at wrapModuleLoad (node:internal/modules/cjs/loader:220:24)
    at Function.executeUserEntryPoint [as runMain] (node:internal/modules/run_main:170:5)
    at node:internal/main/run_main_module:36:49 {
  code: 'MODULE_NOT_FOUND',
  requireStack: []
}

Node.js v22.14.0
[Thu Jul 16 17:37:38 CST 2026] Server crashed, restarting in 2s...
node:internal/modules/cjs/loader:1228
  throw err;
  ^

Error: Cannot find module '/Users/geyechazihuaxiang/Library/Application Support/com.tencent.mac.marvis/MarvisData/User/oAN1i2cDkSKPbnBs5LDMQkswf8Ps/workspace/conv_19f5b93d4c9_6512b8f89475/output/signal-server.js'
    at Function._resolveFilename (node:internal/modules/cjs/loader:1225:15)
    at Function._load (node:internal/modules/cjs/loader:1055:27)
    at TracingChannel.traceSync (node:diagnostics_channel:322:14)
    at wrapModuleLoad (node:internal/modules/cjs/loader:220:24)
    at Function.executeUserEntryPoint [as runMain] (node:internal/modules/run_main:170:5)
    at node:internal/main/run_main_module:36:49 {
  code: 'MODULE_NOT_FOUND',
  requireStack: []
}

Node.js v22.14.0
[Thu Jul 16 17:37:40 CST 2026] Server crashed, restarting in 2s...
node:internal/modules/cjs/loader:1228
  throw err;
  ^

Error: Cannot find module '/Users/geyechazihuaxiang/Library/Application Support/com.tencent.mac.marvis/MarvisData/User/oAN1i2cDkSKPbnBs5LDMQkswf8Ps/workspace/conv_19f5b93d4c9_6512b8f89475/output/signal-server.js'
    at Function._resolveFilename (node:internal/modules/cjs/loader:1225:15)
    at Function._load (node:internal/modules/cjs/loader:1055:27)
    at TracingChannel.traceSync (node:diagnostics_channel:322:14)
    at wrapModuleLoad (node:internal/modules/cjs/loader:220:24)
    at Function.executeUserEntryPoint [as runMain] (node:internal/modules/run_main:170:5)
    at node:internal/main/run_main_module:36:49 {
  code: 'MODULE_NOT_FOUND',
  requireStack: []
}

Node.js v22.14.0
[Thu Jul 16 17:37:42 CST 2026] Server crashed, restarting in 2s...
node:internal/modules/cjs/loader:1228
  throw err;
  ^

Error: Cannot find module '/Users/geyechazihuaxiang/Library/Application Support/com.tencent.mac.marvis/MarvisData/User/oAN1i2cDkSKPbnBs5LDMQkswf8Ps/workspace/conv_19f5b93d4c9_6512b8f89475/output/signal-server.js'
    at Function._resolveFilename (node:internal/modules/cjs/loader:1225:15)
    at Function._load (node:internal/modules/cjs/loader:1055:27)
    at TracingChannel.traceSync (node:diagnostics_channel:322:14)
    at wrapModuleLoad (node:internal/modules/cjs/loader:220:24)
    at Function.executeUserEntryPoint [as runMain] (node:internal/modules/run_main:170:5)
    at node:internal/main/run_main_module:36:49 {
  code: 'MODULE_NOT_FOUND',
  requireStack: []
}

Node.js v22.14.0
[Thu Jul 16 17:37:44 CST 2026] Server crashed, restarting in 2s...
node:internal/modules/cjs/loader:1228
  throw err;
  ^

Error: Cannot find module '/Users/geyechazihuaxiang/Library/Application Support/com.tencent.mac.marvis/MarvisData/User/oAN1i2cDkSKPbnBs5LDMQkswf8Ps/workspace/conv_19f5b93d4c9_6512b8f89475/output/signal-server.js'
    at Function._resolveFilename (node:internal/modules/cjs/loader:1225:15)
    at Function._load (node:internal/modules/cjs/loader:1055:27)
    at TracingChannel.traceSync (node:diagnostics_channel:322:14)
    at wrapModuleLoad (node:internal/modules/cjs/loader:220:24)
    at Function.executeUserEntryPoint [as runMain] (node:internal/modules/run_main:170:5)
    at node:internal/main/run_main_module:36:49 {
  code: 'MODULE_NOT_FOUND',
  requireStack: []
}

Node.js v22.14.0
[Thu Jul 16 17:37:46 CST 2026] Server crashed, restarting in 2s...
node:internal/modules/cjs/loader:1228
  throw err;
  ^

Error: Cannot find module '/Users/geyechazihuaxiang/Library/Application Support/com.tencent.mac.marvis/MarvisData/User/oAN1i2cDkSKPbnBs5LDMQkswf8Ps/workspace/conv_19f5b93d4c9_6512b8f89475/output/signal-server.js'
    at Function._resolveFilename (node:internal/modules/cjs/loader:1225:15)
    at Function._load (node:internal/modules/cjs/loader:1055:27)
    at TracingChannel.traceSync (node:diagnostics_channel:322:14)
    at wrapModuleLoad (node:internal/modules/cjs/loader:220:24)
    at Function.executeUserEntryPoint [as runMain] (node:internal/modules/run_main:170:5)
    at node:internal/main/run_main_module:36:49 {
  code: 'MODULE_NOT_FOUND',
  requireStack: []
}

Node.js v22.14.0
[Thu Jul 16 17:37:48 CST 2026] Server crashed, restarting in 2s...
node:internal/modules/cjs/loader:1228
  throw err;
  ^

Error: Cannot find module '/Users/geyechazihuaxiang/Library/Application Support/com.tencent.mac.marvis/MarvisData/User/oAN1i2cDkSKPbnBs5LDMQkswf8Ps/workspace/conv_19f5b93d4c9_6512b8f89475/output/signal-server.js'
    at Function._resolveFilename (node:internal/modules/cjs/loader:1225:15)
    at Function._load (node:internal/modules/cjs/loader:1055:27)
    at TracingChannel.traceSync (node:diagnostics_channel:322:14)
    at wrapModuleLoad (node:internal/modules/cjs/loader:220:24)
    at Function.executeUserEntryPoint [as runMain] (node:internal/modules/run_main:170:5)
    at node:internal/main/run_main_module:36:49 {
  code: 'MODULE_NOT_FOUND',
  requireStack: []
}

Node.js v22.14.0
[Thu Jul 16 17:37:50 CST 2026] Server crashed, restarting in 2s...
node:internal/modules/cjs/loader:1228
  throw err;
  ^

Error: Cannot find module '/Users/geyechazihuaxiang/Library/Application Support/com.tencent.mac.marvis/MarvisData/User/oAN1i2cDkSKPbnBs5LDMQkswf8Ps/workspace/conv_19f5b93d4c9_6512b8f89475/output/signal-server.js'
    at Function._resolveFilename (node:internal/modules/cjs/loader:1225:15)
    at Function._load (node:internal/modules/cjs/loader:1055:27)
    at TracingChannel.traceSync (node:diagnostics_channel:322:14)
    at wrapModuleLoad (node:internal/modules/cjs/loader:220:24)
    at Function.executeUserEntryPoint [as runMain] (node:internal/modules/run_main:170:5)
    at node:internal/main/run_main_module:36:49 {
  code: 'MODULE_NOT_FOUND',
  requireStack: []
}

Node.js v22.14.0
[Thu Jul 16 17:37:52 CST 2026] Server crashed, restarting in 2s...
node:internal/modules/cjs/loader:1228
  throw err;
  ^

Error: Cannot find module '/Users/geyechazihuaxiang/Library/Application Support/com.tencent.mac.marvis/MarvisData/User/oAN1i2cDkSKPbnBs5LDMQkswf8Ps/workspace/conv_19f5b93d4c9_6512b8f89475/output/signal-server.js'
    at Function._resolveFilename (node:internal/modules/cjs/loader:1225:15)
    at Function._load (node:internal/modules/cjs/loader:1055:27)
    at TracingChannel.traceSync (node:diagnostics_channel:322:14)
    at wrapModuleLoad (node:internal/modules/cjs/loader:220:24)
    at Function.executeUserEntryPoint [as runMain] (node:internal/modules/run_main:170:5)
    at node:internal/main/run_main_module:36:49 {
  code: 'MODULE_NOT_FOUND',
  requireStack: []
}

Node.js v22.14.0
[Thu Jul 16 17:37:54 CST 2026] Server crashed, restarting in 2s...
node:internal/modules/cjs/loader:1228
  throw err;
  ^

Error: Cannot find module '/Users/geyechazihuaxiang/Library/Application Support/com.tencent.mac.marvis/MarvisData/User/oAN1i2cDkSKPbnBs5LDMQkswf8Ps/workspace/conv_19f5b93d4c9_6512b8f89475/output/signal-server.js'
    at Function._resolveFilename (node:internal/modules/cjs/loader:1225:15)
    at Function._load (node:internal/modules/cjs/loader:1055:27)
    at TracingChannel.traceSync (node:diagnostics_channel:322:14)
    at wrapModuleLoad (node:internal/modules/cjs/loader:220:24)
    at Function.executeUserEntryPoint [as runMain] (node:internal/modules/run_main:170:5)
    at node:internal/main/run_main_module:36:49 {
  code: 'MODULE_NOT_FOUND',
  requireStack: []
}

Node.js v22.14.0
[Thu Jul 16 17:37:56 CST 2026] Server crashed, restarting in 2s...
node:internal/modules/cjs/loader:1228
  throw err;
  ^

Error: Cannot find module '/Users/geyechazihuaxiang/Library/Application Support/com.tencent.mac.marvis/MarvisData/User/oAN1i2cDkSKPbnBs5LDMQkswf8Ps/workspace/conv_19f5b93d4c9_6512b8f89475/output/signal-server.js'
    at Function._resolveFilename (node:internal/modules/cjs/loader:1225:15)
    at Function._load (node:internal/modules/cjs/loader:1055:27)
    at TracingChannel.traceSync (node:diagnostics_channel:322:14)
    at wrapModuleLoad (node:internal/modules/cjs/loader:220:24)
    at Function.executeUserEntryPoint [as runMain] (node:internal/modules/run_main:170:5)
    at node:internal/main/run_main_module:36:49 {
  code: 'MODULE_NOT_FOUND',
  requireStack: []
}

Node.js v22.14.0
[Thu Jul 16 17:37:58 CST 2026] Server crashed, restarting in 2s...
node:internal/modules/cjs/loader:1228
  throw err;
  ^

Error: Cannot find module '/Users/geyechazihuaxiang/Library/Application Support/com.tencent.mac.marvis/MarvisData/User/oAN1i2cDkSKPbnBs5LDMQkswf8Ps/workspace/conv_19f5b93d4c9_6512b8f89475/output/signal-server.js'
    at Function._resolveFilename (node:internal/modules/cjs/loader:1225:15)
    at Function._load (node:internal/modules/cjs/loader:1055:27)
    at TracingChannel.traceSync (node:diagnostics_channel:322:14)
    at wrapModuleLoad (node:internal/modules/cjs/loader:220:24)
    at Function.executeUserEntryPoint [as runMain] (node:internal/modules/run_main:170:5)
    at node:internal/main/run_main_module:36:49 {
  code: 'MODULE_NOT_FOUND',
  requireStack: []
}

Node.js v22.14.0
[Thu Jul 16 17:38:00 CST 2026] Server crashed, restarting in 2s...
node:internal/modules/cjs/loader:1228
  throw err;
  ^

Error: Cannot find module '/Users/geyechazihuaxiang/Library/Application Support/com.tencent.mac.marvis/MarvisData/User/oAN1i2cDkSKPbnBs5LDMQkswf8Ps/workspace/conv_19f5b93d4c9_6512b8f89475/output/signal-server.js'
    at Function._resolveFilename (node:internal/modules/cjs/loader:1225:15)
    at Function._load (node:internal/modules/cjs/loader:1055:27)
    at TracingChannel.traceSync (node:diagnostics_channel:322:14)
    at wrapModuleLoad (node:internal/modules/cjs/loader:220:24)
    at Function.executeUserEntryPoint [as runMain] (node:internal/modules/run_main:170:5)
    at node:internal/main/run_main_module:36:49 {
  code: 'MODULE_NOT_FOUND',
  requireStack: []
}

Node.js v22.14.0
[Thu Jul 16 17:38:03 CST 2026] Server crashed, restarting in 2s...
node:internal/modules/cjs/loader:1228
  throw err;
  ^

Error: Cannot find module '/Users/geyechazihuaxiang/Library/Application Support/com.tencent.mac.marvis/MarvisData/User/oAN1i2cDkSKPbnBs5LDMQkswf8Ps/workspace/conv_19f5b93d4c9_6512b8f89475/output/signal-server.js'
    at Function._resolveFilename (node:internal/modules/cjs/loader:1225:15)
    at Function._load (node:internal/modules/cjs/loader:1055:27)
    at TracingChannel.traceSync (node:diagnostics_channel:322:14)
    at wrapModuleLoad (node:internal/modules/cjs/loader:220:24)
    at Function.executeUserEntryPoint [as runMain] (node:internal/modules/run_main:170:5)
    at node:internal/main/run_main_module:36:49 {
  code: 'MODULE_NOT_FOUND',
  requireStack: []
}

Node.js v22.14.0
[Thu Jul 16 17:38:05 CST 2026] Server crashed, restarting in 2s...
node:internal/modules/cjs/loader:1228
  throw err;
  ^

Error: Cannot find module '/Users/geyechazihuaxiang/Library/Application Support/com.tencent.mac.marvis/MarvisData/User/oAN1i2cDkSKPbnBs5LDMQkswf8Ps/workspace/conv_19f5b93d4c9_6512b8f89475/output/signal-server.js'
    at Function._resolveFilename (node:internal/modules/cjs/loader:1225:15)
    at Function._load (node:internal/modules/cjs/loader:1055:27)
    at TracingChannel.traceSync (node:diagnostics_channel:322:14)
    at wrapModuleLoad (node:internal/modules/cjs/loader:220:24)
    at Function.executeUserEntryPoint [as runMain] (node:internal/modules/run_main:170:5)
    at node:internal/main/run_main_module:36:49 {
  code: 'MODULE_NOT_FOUND',
  requireStack: []
}

Node.js v22.14.0
[Thu Jul 16 17:38:07 CST 2026] Server crashed, restarting in 2s...
node:internal/modules/cjs/loader:1228
  throw err;
  ^

Error: Cannot find module '/Users/geyechazihuaxiang/Library/Application Support/com.tencent.mac.marvis/MarvisData/User/oAN1i2cDkSKPbnBs5LDMQkswf8Ps/workspace/conv_19f5b93d4c9_6512b8f89475/output/signal-server.js'
    at Function._resolveFilename (node:internal/modules/cjs/loader:1225:15)
    at Function._load (node:internal/modules/cjs/loader:1055:27)
    at TracingChannel.traceSync (node:diagnostics_channel:322:14)
    at wrapModuleLoad (node:internal/modules/cjs/loader:220:24)
    at Function.executeUserEntryPoint [as runMain] (node:internal/modules/run_main:170:5)
    at node:internal/main/run_main_module:36:49 {
  code: 'MODULE_NOT_FOUND',
  requireStack: []
}

Node.js v22.14.0
[Thu Jul 16 17:38:09 CST 2026] Server crashed, restarting in 2s...
node:internal/modules/cjs/loader:1228
  throw err;
  ^

Error: Cannot find module '/Users/geyechazihuaxiang/Library/Application Support/com.tencent.mac.marvis/MarvisData/User/oAN1i2cDkSKPbnBs5LDMQkswf8Ps/workspace/conv_19f5b93d4c9_6512b8f89475/output/signal-server.js'
    at Function._resolveFilename (node:internal/modules/cjs/loader:1225:15)
    at Function._load (node:internal/modules/cjs/loader:1055:27)
    at TracingChannel.traceSync (node:diagnostics_channel:322:14)
    at wrapModuleLoad (node:internal/modules/cjs/loader:220:24)
    at Function.executeUserEntryPoint [as runMain] (node:internal/modules/run_main:170:5)
    at node:internal/main/run_main_module:36:49 {
  code: 'MODULE_NOT_FOUND',
  requireStack: []
}

Node.js v22.14.0
[Thu Jul 16 17:38:11 CST 2026] Server crashed, restarting in 2s...
node:internal/modules/cjs/loader:1228
  throw err;
  ^

Error: Cannot find module '/Users/geyechazihuaxiang/Library/Application Support/com.tencent.mac.marvis/MarvisData/User/oAN1i2cDkSKPbnBs5LDMQkswf8Ps/workspace/conv_19f5b93d4c9_6512b8f89475/output/signal-server.js'
    at Function._resolveFilename (node:internal/modules/cjs/loader:1225:15)
    at Function._load (node:internal/modules/cjs/loader:1055:27)
    at TracingChannel.traceSync (node:diagnostics_channel:322:14)
    at wrapModuleLoad (node:internal/modules/cjs/loader:220:24)
    at Function.executeUserEntryPoint [as runMain] (node:internal/modules/run_main:170:5)
    at node:internal/main/run_main_module:36:49 {
  code: 'MODULE_NOT_FOUND',
  requireStack: []
}

Node.js v22.14.0
[Thu Jul 16 17:38:13 CST 2026] Server crashed, restarting in 2s...
node:internal/modules/cjs/loader:1228
  throw err;
  ^

Error: Cannot find module '/Users/geyechazihuaxiang/Library/Application Support/com.tencent.mac.marvis/MarvisData/User/oAN1i2cDkSKPbnBs5LDMQkswf8Ps/workspace/conv_19f5b93d4c9_6512b8f89475/output/signal-server.js'
    at Function._resolveFilename (node:internal/modules/cjs/loader:1225:15)
    at Function._load (node:internal/modules/cjs/loader:1055:27)
    at TracingChannel.traceSync (node:diagnostics_channel:322:14)
    at wrapModuleLoad (node:internal/modules/cjs/loader:220:24)
    at Function.executeUserEntryPoint [as runMain] (node:internal/modules/run_main:170:5)
    at node:internal/main/run_main_module:36:49 {
  code: 'MODULE_NOT_FOUND',
  requireStack: []
}

Node.js v22.14.0
[Thu Jul 16 17:38:15 CST 2026] Server crashed, restarting in 2s...
node:internal/modules/cjs/loader:1228
  throw err;
  ^

Error: Cannot find module '/Users/geyechazihuaxiang/Library/Application Support/com.tencent.mac.marvis/MarvisData/User/oAN1i2cDkSKPbnBs5LDMQkswf8Ps/workspace/conv_19f5b93d4c9_6512b8f89475/output/signal-server.js'
    at Function._resolveFilename (node:internal/modules/cjs/loader:1225:15)
    at Function._load (node:internal/modules/cjs/loader:1055:27)
    at TracingChannel.traceSync (node:diagnostics_channel:322:14)
    at wrapModuleLoad (node:internal/modules/cjs/loader:220:24)
    at Function.executeUserEntryPoint [as runMain] (node:internal/modules/run_main:170:5)
    at node:internal/main/run_main_module:36:49 {
  code: 'MODULE_NOT_FOUND',
  requireStack: []
}

Node.js v22.14.0
[Thu Jul 16 17:38:17 CST 2026] Server crashed, restarting in 2s...
node:internal/modules/cjs/loader:1228
  throw err;
  ^

Error: Cannot find module '/Users/geyechazihuaxiang/Library/Application Support/com.tencent.mac.marvis/MarvisData/User/oAN1i2cDkSKPbnBs5LDMQkswf8Ps/workspace/conv_19f5b93d4c9_6512b8f89475/output/signal-server.js'
    at Function._resolveFilename (node:internal/modules/cjs/loader:1225:15)
    at Function._load (node:internal/modules/cjs/loader:1055:27)
    at TracingChannel.traceSync (node:diagnostics_channel:322:14)
    at wrapModuleLoad (node:internal/modules/cjs/loader:220:24)
    at Function.executeUserEntryPoint [as runMain] (node:internal/modules/run_main:170:5)
    at node:internal/main/run_main_module:36:49 {
  code: 'MODULE_NOT_FOUND',
  requireStack: []
}

Node.js v22.14.0
[Thu Jul 16 17:38:19 CST 2026] Server crashed, restarting in 2s...
node:internal/modules/cjs/loader:1228
  throw err;
  ^

Error: Cannot find module '/Users/geyechazihuaxiang/Library/Application Support/com.tencent.mac.marvis/MarvisData/User/oAN1i2cDkSKPbnBs5LDMQkswf8Ps/workspace/conv_19f5b93d4c9_6512b8f89475/output/signal-server.js'
    at Function._resolveFilename (node:internal/modules/cjs/loader:1225:15)
    at Function._load (node:internal/modules/cjs/loader:1055:27)
    at TracingChannel.traceSync (node:diagnostics_channel:322:14)
    at wrapModuleLoad (node:internal/modules/cjs/loader:220:24)
    at Function.executeUserEntryPoint [as runMain] (node:internal/modules/run_main:170:5)
    at node:internal/main/run_main_module:36:49 {
  code: 'MODULE_NOT_FOUND',
  requireStack: []
}

Node.js v22.14.0
[Thu Jul 16 17:38:21 CST 2026] Server crashed, restarting in 2s...
node:internal/modules/cjs/loader:1228
  throw err;
  ^

Error: Cannot find module '/Users/geyechazihuaxiang/Library/Application Support/com.tencent.mac.marvis/MarvisData/User/oAN1i2cDkSKPbnBs5LDMQkswf8Ps/workspace/conv_19f5b93d4c9_6512b8f89475/output/signal-server.js'
    at Function._resolveFilename (node:internal/modules/cjs/loader:1225:15)
    at Function._load (node:internal/modules/cjs/loader:1055:27)
    at TracingChannel.traceSync (node:diagnostics_channel:322:14)
    at wrapModuleLoad (node:internal/modules/cjs/loader:220:24)
    at Function.executeUserEntryPoint [as runMain] (node:internal/modules/run_main:170:5)
    at node:internal/main/run_main_module:36:49 {
  code: 'MODULE_NOT_FOUND',
  requireStack: []
}

Node.js v22.14.0
[Thu Jul 16 17:38:23 CST 2026] Server crashed, restarting in 2s...
node:internal/modules/cjs/loader:1228
  throw err;
  ^

Error: Cannot find module '/Users/geyechazihuaxiang/Library/Application Support/com.tencent.mac.marvis/MarvisData/User/oAN1i2cDkSKPbnBs5LDMQkswf8Ps/workspace/conv_19f5b93d4c9_6512b8f89475/output/signal-server.js'
    at Function._resolveFilename (node:internal/modules/cjs/loader:1225:15)
    at Function._load (node:internal/modules/cjs/loader:1055:27)
    at TracingChannel.traceSync (node:diagnostics_channel:322:14)
    at wrapModuleLoad (node:internal/modules/cjs/loader:220:24)
    at Function.executeUserEntryPoint [as runMain] (node:internal/modules/run_main:170:5)
    at node:internal/main/run_main_module:36:49 {
  code: 'MODULE_NOT_FOUND',
  requireStack: []
}

Node.js v22.14.0
[Thu Jul 16 17:38:25 CST 2026] Server crashed, restarting in 2s...
node:internal/modules/cjs/loader:1228
  throw err;
  ^

Error: Cannot find module '/Users/geyechazihuaxiang/Library/Application Support/com.tencent.mac.marvis/MarvisData/User/oAN1i2cDkSKPbnBs5LDMQkswf8Ps/workspace/conv_19f5b93d4c9_6512b8f89475/output/signal-server.js'
    at Function._resolveFilename (node:internal/modules/cjs/loader:1225:15)
    at Function._load (node:internal/modules/cjs/loader:1055:27)
    at TracingChannel.traceSync (node:diagnostics_channel:322:14)
    at wrapModuleLoad (node:internal/modules/cjs/loader:220:24)
    at Function.executeUserEntryPoint [as runMain] (node:internal/modules/run_main:170:5)
    at node:internal/main/run_main_module:36:49 {
  code: 'MODULE_NOT_FOUND',
  requireStack: []
}

Node.js v22.14.0
[Thu Jul 16 17:38:27 CST 2026] Server crashed, restarting in 2s...
node:internal/modules/cjs/loader:1228
  throw err;
  ^

Error: Cannot find module '/Users/geyechazihuaxiang/Library/Application Support/com.tencent.mac.marvis/MarvisData/User/oAN1i2cDkSKPbnBs5LDMQkswf8Ps/workspace/conv_19f5b93d4c9_6512b8f89475/output/signal-server.js'
    at Function._resolveFilename (node:internal/modules/cjs/loader:1225:15)
    at Function._load (node:internal/modules/cjs/loader:1055:27)
    at TracingChannel.traceSync (node:diagnostics_channel:322:14)
    at wrapModuleLoad (node:internal/modules/cjs/loader:220:24)
    at Function.executeUserEntryPoint [as runMain] (node:internal/modules/run_main:170:5)
    at node:internal/main/run_main_module:36:49 {
  code: 'MODULE_NOT_FOUND',
  requireStack: []
}

Node.js v22.14.0
[Thu Jul 16 17:38:29 CST 2026] Server crashed, restarting in 2s...
node:internal/modules/cjs/loader:1228
  throw err;
  ^

Error: Cannot find module '/Users/geyechazihuaxiang/Library/Application Support/com.tencent.mac.marvis/MarvisData/User/oAN1i2cDkSKPbnBs5LDMQkswf8Ps/workspace/conv_19f5b93d4c9_6512b8f89475/output/signal-server.js'
    at Function._resolveFilename (node:internal/modules/cjs/loader:1225:15)
    at Function._load (node:internal/modules/cjs/loader:1055:27)
    at TracingChannel.traceSync (node:diagnostics_channel:322:14)
    at wrapModuleLoad (node:internal/modules/cjs/loader:220:24)
    at Function.executeUserEntryPoint [as runMain] (node:internal/modules/run_main:170:5)
    at node:internal/main/run_main_module:36:49 {
  code: 'MODULE_NOT_FOUND',
  requireStack: []
}

Node.js v22.14.0
[Thu Jul 16 17:38:31 CST 2026] Server crashed, restarting in 2s...
node:internal/modules/cjs/loader:1228
  throw err;
  ^

Error: Cannot find module '/Users/geyechazihuaxiang/Library/Application Support/com.tencent.mac.marvis/MarvisData/User/oAN1i2cDkSKPbnBs5LDMQkswf8Ps/workspace/conv_19f5b93d4c9_6512b8f89475/output/signal-server.js'
    at Function._resolveFilename (node:internal/modules/cjs/loader:1225:15)
    at Function._load (node:internal/modules/cjs/loader:1055:27)
    at TracingChannel.traceSync (node:diagnostics_channel:322:14)
    at wrapModuleLoad (node:internal/modules/cjs/loader:220:24)
    at Function.executeUserEntryPoint [as runMain] (node:internal/modules/run_main:170:5)
    at node:internal/main/run_main_module:36:49 {
  code: 'MODULE_NOT_FOUND',
  requireStack: []
}

Node.js v22.14.0
[Thu Jul 16 17:38:33 CST 2026] Server crashed, restarting in 2s...
node:internal/modules/cjs/loader:1228
  throw err;
  ^

Error: Cannot find module '/Users/geyechazihuaxiang/Library/Application Support/com.tencent.mac.marvis/MarvisData/User/oAN1i2cDkSKPbnBs5LDMQkswf8Ps/workspace/conv_19f5b93d4c9_6512b8f89475/output/signal-server.js'
    at Function._resolveFilename (node:internal/modules/cjs/loader:1225:15)
    at Function._load (node:internal/modules/cjs/loader:1055:27)
    at TracingChannel.traceSync (node:diagnostics_channel:322:14)
    at wrapModuleLoad (node:internal/modules/cjs/loader:220:24)
    at Function.executeUserEntryPoint [as runMain] (node:internal/modules/run_main:170:5)
    at node:internal/main/run_main_module:36:49 {
  code: 'MODULE_NOT_FOUND',
  requireStack: []
}

Node.js v22.14.0
[Thu Jul 16 17:38:35 CST 2026] Server crashed, restarting in 2s...
node:internal/modules/cjs/loader:1228
  throw err;
  ^

Error: Cannot find module '/Users/geyechazihuaxiang/Library/Application Support/com.tencent.mac.marvis/MarvisData/User/oAN1i2cDkSKPbnBs5LDMQkswf8Ps/workspace/conv_19f5b93d4c9_6512b8f89475/output/signal-server.js'
    at Function._resolveFilename (node:internal/modules/cjs/loader:1225:15)
    at Function._load (node:internal/modules/cjs/loader:1055:27)
    at TracingChannel.traceSync (node:diagnostics_channel:322:14)
    at wrapModuleLoad (node:internal/modules/cjs/loader:220:24)
    at Function.executeUserEntryPoint [as runMain] (node:internal/modules/run_main:170:5)
    at node:internal/main/run_main_module:36:49 {
  code: 'MODULE_NOT_FOUND',
  requireStack: []
}

Node.js v22.14.0
[Thu Jul 16 17:38:37 CST 2026] Server crashed, restarting in 2s...
node:internal/modules/cjs/loader:1228
  throw err;
  ^

Error: Cannot find module '/Users/geyechazihuaxiang/Library/Application Support/com.tencent.mac.marvis/MarvisData/User/oAN1i2cDkSKPbnBs5LDMQkswf8Ps/workspace/conv_19f5b93d4c9_6512b8f89475/output/signal-server.js'
    at Function._resolveFilename (node:internal/modules/cjs/loader:1225:15)
    at Function._load (node:internal/modules/cjs/loader:1055:27)
    at TracingChannel.traceSync (node:diagnostics_channel:322:14)
    at wrapModuleLoad (node:internal/modules/cjs/loader:220:24)
    at Function.executeUserEntryPoint [as runMain] (node:internal/modules/run_main:170:5)
    at node:internal/main/run_main_module:36:49 {
  code: 'MODULE_NOT_FOUND',
  requireStack: []
}

Node.js v22.14.0
[Thu Jul 16 17:38:39 CST 2026] Server crashed, restarting in 2s...
node:internal/modules/cjs/loader:1228
  throw err;
  ^

Error: Cannot find module '/Users/geyechazihuaxiang/Library/Application Support/com.tencent.mac.marvis/MarvisData/User/oAN1i2cDkSKPbnBs5LDMQkswf8Ps/workspace/conv_19f5b93d4c9_6512b8f89475/output/signal-server.js'
    at Function._resolveFilename (node:internal/modules/cjs/loader:1225:15)
    at Function._load (node:internal/modules/cjs/loader:1055:27)
    at TracingChannel.traceSync (node:diagnostics_channel:322:14)
    at wrapModuleLoad (node:internal/modules/cjs/loader:220:24)
    at Function.executeUserEntryPoint [as runMain] (node:internal/modules/run_main:170:5)
    at node:internal/main/run_main_module:36:49 {
  code: 'MODULE_NOT_FOUND',
  requireStack: []
}

Node.js v22.14.0
[Thu Jul 16 17:38:41 CST 2026] Server crashed, restarting in 2s...
node:internal/modules/cjs/loader:1228
  throw err;
  ^

Error: Cannot find module '/Users/geyechazihuaxiang/Library/Application Support/com.tencent.mac.marvis/MarvisData/User/oAN1i2cDkSKPbnBs5LDMQkswf8Ps/workspace/conv_19f5b93d4c9_6512b8f89475/output/signal-server.js'
    at Function._resolveFilename (node:internal/modules/cjs/loader:1225:15)
    at Function._load (node:internal/modules/cjs/loader:1055:27)
    at TracingChannel.traceSync (node:diagnostics_channel:322:14)
    at wrapModuleLoad (node:internal/modules/cjs/loader:220:24)
    at Function.executeUserEntryPoint [as runMain] (node:internal/modules/run_main:170:5)
    at node:internal/main/run_main_module:36:49 {
  code: 'MODULE_NOT_FOUND',
  requireStack: []
}

Node.js v22.14.0
[Thu Jul 16 17:38:43 CST 2026] Server crashed, restarting in 2s...
node:internal/modules/cjs/loader:1228
  throw err;
  ^

Error: Cannot find module '/Users/geyechazihuaxiang/Library/Application Support/com.tencent.mac.marvis/MarvisData/User/oAN1i2cDkSKPbnBs5LDMQkswf8Ps/workspace/conv_19f5b93d4c9_6512b8f89475/output/signal-server.js'
    at Function._resolveFilename (node:internal/modules/cjs/loader:1225:15)
    at Function._load (node:internal/modules/cjs/loader:1055:27)
    at TracingChannel.traceSync (node:diagnostics_channel:322:14)
    at wrapModuleLoad (node:internal/modules/cjs/loader:220:24)
    at Function.executeUserEntryPoint [as runMain] (node:internal/modules/run_main:170:5)
    at node:internal/main/run_main_module:36:49 {
  code: 'MODULE_NOT_FOUND',
  requireStack: []
}

Node.js v22.14.0
[Thu Jul 16 17:38:46 CST 2026] Server crashed, restarting in 2s...
node:internal/modules/cjs/loader:1228
  throw err;
  ^

Error: Cannot find module '/Users/geyechazihuaxiang/Library/Application Support/com.tencent.mac.marvis/MarvisData/User/oAN1i2cDkSKPbnBs5LDMQkswf8Ps/workspace/conv_19f5b93d4c9_6512b8f89475/output/signal-server.js'
    at Function._resolveFilename (node:internal/modules/cjs/loader:1225:15)
    at Function._load (node:internal/modules/cjs/loader:1055:27)
    at TracingChannel.traceSync (node:diagnostics_channel:322:14)
    at wrapModuleLoad (node:internal/modules/cjs/loader:220:24)
    at Function.executeUserEntryPoint [as runMain] (node:internal/modules/run_main:170:5)
    at node:internal/main/run_main_module:36:49 {
  code: 'MODULE_NOT_FOUND',
  requireStack: []
}

Node.js v22.14.0
[Thu Jul 16 17:38:48 CST 2026] Server crashed, restarting in 2s...
node:internal/modules/cjs/loader:1228
  throw err;
  ^

Error: Cannot find module '/Users/geyechazihuaxiang/Library/Application Support/com.tencent.mac.marvis/MarvisData/User/oAN1i2cDkSKPbnBs5LDMQkswf8Ps/workspace/conv_19f5b93d4c9_6512b8f89475/output/signal-server.js'
    at Function._resolveFilename (node:internal/modules/cjs/loader:1225:15)
    at Function._load (node:internal/modules/cjs/loader:1055:27)
    at TracingChannel.traceSync (node:diagnostics_channel:322:14)
    at wrapModuleLoad (node:internal/modules/cjs/loader:220:24)
    at Function.executeUserEntryPoint [as runMain] (node:internal/modules/run_main:170:5)
    at node:internal/main/run_main_module:36:49 {
  code: 'MODULE_NOT_FOUND',
  requireStack: []
}

Node.js v22.14.0
[Thu Jul 16 17:38:50 CST 2026] Server crashed, restarting in 2s...
node:internal/modules/cjs/loader:1228
  throw err;
  ^

Error: Cannot find module '/Users/geyechazihuaxiang/Library/Application Support/com.tencent.mac.marvis/MarvisData/User/oAN1i2cDkSKPbnBs5LDMQkswf8Ps/workspace/conv_19f5b93d4c9_6512b8f89475/output/signal-server.js'
    at Function._resolveFilename (node:internal/modules/cjs/loader:1225:15)
    at Function._load (node:internal/modules/cjs/loader:1055:27)
    at TracingChannel.traceSync (node:diagnostics_channel:322:14)
    at wrapModuleLoad (node:internal/modules/cjs/loader:220:24)
    at Function.executeUserEntryPoint [as runMain] (node:internal/modules/run_main:170:5)
    at node:internal/main/run_main_module:36:49 {
  code: 'MODULE_NOT_FOUND',
  requireStack: []
}

Node.js v22.14.0
[Thu Jul 16 17:38:52 CST 2026] Server crashed, restarting in 2s...
node:internal/modules/cjs/loader:1228
  throw err;
  ^

Error: Cannot find module '/Users/geyechazihuaxiang/Library/Application Support/com.tencent.mac.marvis/MarvisData/User/oAN1i2cDkSKPbnBs5LDMQkswf8Ps/workspace/conv_19f5b93d4c9_6512b8f89475/output/signal-server.js'
    at Function._resolveFilename (node:internal/modules/cjs/loader:1225:15)
    at Function._load (node:internal/modules/cjs/loader:1055:27)
    at TracingChannel.traceSync (node:diagnostics_channel:322:14)
    at wrapModuleLoad (node:internal/modules/cjs/loader:220:24)
    at Function.executeUserEntryPoint [as runMain] (node:internal/modules/run_main:170:5)
    at node:internal/main/run_main_module:36:49 {
  code: 'MODULE_NOT_FOUND',
  requireStack: []
}

Node.js v22.14.0
[Thu Jul 16 17:38:54 CST 2026] Server crashed, restarting in 2s...
node:internal/modules/cjs/loader:1228
  throw err;
  ^

Error: Cannot find module '/Users/geyechazihuaxiang/Library/Application Support/com.tencent.mac.marvis/MarvisData/User/oAN1i2cDkSKPbnBs5LDMQkswf8Ps/workspace/conv_19f5b93d4c9_6512b8f89475/output/signal-server.js'
    at Function._resolveFilename (node:internal/modules/cjs/loader:1225:15)
    at Function._load (node:internal/modules/cjs/loader:1055:27)
    at TracingChannel.traceSync (node:diagnostics_channel:322:14)
    at wrapModuleLoad (node:internal/modules/cjs/loader:220:24)
    at Function.executeUserEntryPoint [as runMain] (node:internal/modules/run_main:170:5)
    at node:internal/main/run_main_module:36:49 {
  code: 'MODULE_NOT_FOUND',
  requireStack: []
}

Node.js v22.14.0
[Thu Jul 16 17:38:56 CST 2026] Server crashed, restarting in 2s...
node:internal/modules/cjs/loader:1228
  throw err;
  ^

Error: Cannot find module '/Users/geyechazihuaxiang/Library/Application Support/com.tencent.mac.marvis/MarvisData/User/oAN1i2cDkSKPbnBs5LDMQkswf8Ps/workspace/conv_19f5b93d4c9_6512b8f89475/output/signal-server.js'
    at Function._resolveFilename (node:internal/modules/cjs/loader:1225:15)
    at Function._load (node:internal/modules/cjs/loader:1055:27)
    at TracingChannel.traceSync (node:diagnostics_channel:322:14)
    at wrapModuleLoad (node:internal/modules/cjs/loader:220:24)
    at Function.executeUserEntryPoint [as runMain] (node:internal/modules/run_main:170:5)
    at node:internal/main/run_main_module:36:49 {
  code: 'MODULE_NOT_FOUND',
  requireStack: []
}

Node.js v22.14.0
[Thu Jul 16 17:38:58 CST 2026] Server crashed, restarting in 2s...
node:internal/modules/cjs/loader:1228
  throw err;
  ^

Error: Cannot find module '/Users/geyechazihuaxiang/Library/Application Support/com.tencent.mac.marvis/MarvisData/User/oAN1i2cDkSKPbnBs5LDMQkswf8Ps/workspace/conv_19f5b93d4c9_6512b8f89475/output/signal-server.js'
    at Function._resolveFilename (node:internal/modules/cjs/loader:1225:15)
    at Function._load (node:internal/modules/cjs/loader:1055:27)
    at TracingChannel.traceSync (node:diagnostics_channel:322:14)
    at wrapModuleLoad (node:internal/modules/cjs/loader:220:24)
    at Function.executeUserEntryPoint [as runMain] (node:internal/modules/run_main:170:5)
    at node:internal/main/run_main_module:36:49 {
  code: 'MODULE_NOT_FOUND',
  requireStack: []
}

Node.js v22.14.0
[Thu Jul 16 17:39:00 CST 2026] Server crashed, restarting in 2s...
